*** Starting uWSGI 2.0.21 (64bit) on [Wed Dec 13 11:29:18 2023] ***
compiled with version: 4.8.5 20150623 (Red Hat 4.8.5-44) on 28 February 2023 12:04:58
os: Linux-3.10.0-1160.83.1.el7.x86_64 #1 SMP Wed Jan 25 16:41:43 UTC 2023
nodename: VM-8-15-centos
machine: x86_64
clock source: unix
pcre jit disabled
detected number of CPU cores: 2
current working directory: /home/an/Examin/Examination
writing pidfile to uwsgi.pid
detected binary path: /home/an/python_examin/bin/uwsgi
uWSGI running as root, you can use --uid/--gid/--chroot options
*** WARNING: you are running uWSGI as root !!! (use the --uid flag) *** 
chdir() to /home/an/Examin/Examination
your processes number limit is 7907
your memory page size is 4096 bytes
detected max file descriptor number: 100001
lock engine: pthread robust mutexes
thunder lock: disabled (you can enable it with --thunder-lock)
uwsgi socket 0 bound to TCP address 127.0.0.1:8002 fd 3
uWSGI running as root, you can use --uid/--gid/--chroot options
*** WARNING: you are running uWSGI as root !!! (use the --uid flag) *** 
Python version: 3.9.1 (default, Feb 17 2023, 13:53:38)  [GCC 4.8.5 20150623 (Red Hat 4.8.5-44)]
Python main interpreter initialized at 0x293ebb0
uWSGI running as root, you can use --uid/--gid/--chroot options
*** WARNING: you are running uWSGI as root !!! (use the --uid flag) *** 
python threads support enabled
your server socket listen backlog is limited to 100 connections
your mercy for graceful operations on workers is 60 seconds
