[2023-12-27 13:03:21,532] [views.py:335] [views:updata_information] [INFO]- <QueryDict: {'{"id":16,"pid":1702868152688,"pdName":"鸿星尔克电池熊猫羽绒服 51223401052","purchasePlatform":2,"buyDate":"2023.12.16 14:03","goonDate":"2023.12.24 14:03","expectDate":"2023.12.18 14:03","price":185,"sellPrice":205,"kddh":"JDX021566405622","purchaseState":1,"sellprice":205}': ['']}>
[2023-12-27 13:07:23,681] [views.py:335] [views:updata_information] [INFO]- <QueryDict: {'{"id":16,"pid":1702868152688,"pdName":"鸿星尔克电池熊猫羽绒服 51223401052","purchasePlatform":2,"buyDate":"2023.12.16 14:03","goonDate":"2023.12.24 14:03","expectDate":"2023.12.18 14:03","price":185,"sellPrice":205,"kddh":"JDX021566405622","purchaseState":1,"sellprice":205}': ['']}>
[2023-12-27 13:08:19,069] [views.py:335] [views:updata_information] [INFO]- <QueryDict: {'{"id":16,"pid":1702868152688,"pdName":"鸿星尔克电池熊猫羽绒服 51223401052","purchasePlatform":2,"buyDate":"2023.12.16 14:03","goonDate":"2023.12.24 14:03","expectDate":"2023.12.18 14:03","price":185,"sellPrice":205,"kddh":"JDX021566405622","purchaseState":1,"sellprice":205}': ['']}>
[2023-12-27 13:09:08,311] [views.py:335] [views:updata_information] [INFO]- <QueryDict: {'{"id":16,"pid":1702868152688,"pdName":"鸿星尔克电池熊猫羽绒服 51223401052","purchasePlatform":2,"buyDate":"2023.12.16 14:03","goonDate":"2023.12.24 14:03","expectDate":"2023.12.18 14:03","price":185,"sellPrice":205,"kddh":"JDX021566405622","purchaseState":1,"sellprice":205}': ['']}>
[2023-12-27 13:09:34,670] [views.py:335] [views:updata_information] [INFO]- <QueryDict: {'{"id":16,"pid":1702868152688,"pdName":"鸿星尔克电池熊猫羽绒服 51223401052","purchasePlatform":2,"buyDate":"2023.12.16 14:03","goonDate":"2023.12.24 14:03","expectDate":"2023.12.18 14:03","price":185,"sellPrice":205,"kddh":"JDX021566405622","purchaseState":1,"sellprice":205}': ['']}>
[2023-12-27 13:47:49,466] [views.py:335] [views:updata_information] [INFO]- <QueryDict: {'id': ['16'], 'pid': ['1702868152688'], 'pdName': ['鸿星尔克电池熊猫羽绒服 51223401052'], 'purchasePlatform': ['2'], 'buyDate': ['2023.12.16 14:03'], 'goonDate': ['2023.12.24 14:03'], 'expectDate': ['2023.12.18 14:03'], 'price': ['185'], 'sellPrice': ['205'], 'kddh': ['JDX021566405622'], 'purchaseState': ['0'], 'sellprice': ['205']}>
[2023-12-27 13:47:49,467] [views.py:343] [views:updata_information] [INFO]- {'pid': '1702868152688', 'pdName': '鸿星尔克电池熊猫羽绒服 51223401052', 'purchasePlatform': '2', 'buyDate': '2023.12.16 14:03', 'goonDate': '2023.12.24 14:03', 'expectDate': '2023.12.18 14:03', 'price': '185', 'sellprice': '205', 'purchaseState': '0', 'kddh': 'JDX021566405622'}
[2023-12-27 13:49:14,742] [views.py:224] [views:add_index] [INFO]- {'pid': '1703684954807', 'pdName': '哇哇哇哇', 'purchasePlatform': '0', 'buyDate': '2023.12.05 00:00:00', 'goonDate': '2023.12.08 00:00:00', 'expectDate': '2023.12.06 00:00:00', 'price': '2222', 'sellprice': '33333', 'purchaseState': '0', 'kddh': '222'}
[2023-12-27 13:49:24,403] [views.py:224] [views:add_index] [INFO]- {'pid': '1703684964487', 'pdName': '哇哇哇哇', 'purchasePlatform': '0', 'buyDate': '2023.12.05 00:00:00', 'goonDate': '2023.12.08 00:00:00', 'expectDate': '2023.12.06 00:00:00', 'price': '2222', 'sellprice': '33333', 'purchaseState': '0', 'kddh': '222'}
[2023-12-27 13:49:45,002] [views.py:224] [views:add_index] [INFO]- {'pid': '1703684985069', 'pdName': '哇哇哇哇', 'purchasePlatform': '0', 'buyDate': '2023.12.05 01:01:01', 'goonDate': '2023.12.08 04:02:02', 'expectDate': '2023.12.06 01:02:02', 'price': '2222', 'sellprice': '33333', 'purchaseState': '0', 'kddh': '222'}
[2023-12-27 13:50:45,712] [views.py:224] [views:add_index] [INFO]- {'pid': '1703685045786', 'pdName': '嗡嗡嗡', 'purchasePlatform': '2', 'buyDate': '2023.12.05 00:00', 'goonDate': '2023.12.15 00:00', 'expectDate': '2023.12.21 00:00', 'price': '2222', 'sellprice': '3333', 'purchaseState': '0', 'kddh': '323232'}
[2023-12-27 13:50:46,003] [views.py:247] [views:add_index] [INFO]- ''
[2023-12-27 13:50:55,992] [views.py:224] [views:add_index] [INFO]- {'pid': '1703685056078', 'pdName': '嗡嗡嗡', 'purchasePlatform': '2', 'buyDate': '2023.12.05 00:00', 'goonDate': '2023.12.15 00:00', 'expectDate': '2023.12.21 00:00', 'price': '2222', 'sellprice': '3333', 'purchaseState': '0', 'kddh': '323232'}
[2023-12-27 13:50:56,184] [views.py:247] [views:add_index] [INFO]- ''
[2023-12-27 13:52:30,415] [views.py:335] [views:updata_information] [INFO]- <QueryDict: {'id': ['16'], 'pid': ['1702868152688'], 'pdName': ['鸿星尔克电池熊猫羽绒服 51223401052'], 'purchasePlatform': ['2'], 'buyDate': ['2023.12.16 14:03'], 'goonDate': ['2023.12.24 14:03'], 'expectDate': ['2023.12.18 14:03'], 'price': ['1852'], 'sellPrice': ['2052'], 'kddh': ['JDX021566405622'], 'purchaseState': ['0'], 'sellprice': ['2052']}>
[2023-12-27 13:52:30,415] [views.py:343] [views:updata_information] [INFO]- {'pid': '1702868152688', 'pdName': '鸿星尔克电池熊猫羽绒服 51223401052', 'purchasePlatform': '2', 'buyDate': '2023.12.16 14:03', 'goonDate': '2023.12.24 14:03', 'expectDate': '2023.12.18 14:03', 'price': '1852', 'sellprice': '2052', 'purchaseState': '0', 'kddh': 'JDX021566405622'}
[2023-12-27 13:52:51,358] [views.py:224] [views:add_index] [INFO]- {'pid': '1703685171427', 'pdName': '嗡嗡嗡', 'purchasePlatform': '3', 'buyDate': '2023.12.14 00:00', 'goonDate': '2023.12.22 00:00', 'expectDate': '2023.12.21 00:00', 'price': '333', 'sellprice': '333', 'purchaseState': '1', 'kddh': '34343'}
[2023-12-27 13:52:51,557] [views.py:247] [views:add_index] [INFO]- ''
[2023-12-27 13:53:08,941] [views.py:224] [views:add_index] [INFO]- {'pid': '1703685189019', 'pdName': '嗡嗡嗡', 'purchasePlatform': '3', 'buyDate': '2023.12.14 00:00', 'goonDate': '2023.12.22 00:00', 'expectDate': '2023.12.21 00:00', 'price': '333', 'sellprice': '333', 'purchaseState': '1', 'kddh': '34343'}
[2023-12-27 13:53:09,139] [views.py:247] [views:add_index] [INFO]- ''
[2023-12-27 13:54:12,784] [views.py:224] [views:add_index] [INFO]- {'pid': '1703685252853', 'pdName': '3333', 'purchasePlatform': '0', 'buyDate': '2023.12.22 00:00', 'goonDate': '2023.12.23 00:00', 'expectDate': '2023.12.22 00:00', 'price': '222222', 'sellprice': '22222', 'purchaseState': '0', 'kddh': '222222'}
[2023-12-27 13:54:12,991] [views.py:247] [views:add_index] [INFO]- ''
[2023-12-27 17:23:07,641] [views.py:111] [views:gtimg] [INFO]- 验证码:000E
[2023-12-27 17:59:59,898] [views.py:111] [views:gtimg] [INFO]- 验证码:33YT
[2023-12-27 18:52:34,583] [views.py:111] [views:gtimg] [INFO]- 验证码:UG2F
