[2023-11-20 19:02:30,140] [autoreload.py:677] [autoreload:run_with_reloader] [INFO]- Watching for file changes with StatReloader
[2023-11-20 19:02:46,145] [log.py:241] [log:log_response] [ERROR]- Internal Server Error: /api/addkd
Traceback (most recent call last):
  File "D:\baiduwangpan\python_virtualenv\python_vx\lib\site-packages\django\core\handlers\exception.py", line 55, in inner
    response = get_response(request)
  File "D:\baiduwangpan\python_virtualenv\python_vx\lib\site-packages\django\utils\deprecation.py", line 135, in __call__
    response = self.process_request(request)
  File "D:\baiduwangpan\python_virtualenv\python_vx\lib\site-packages\django\middleware\common.py", line 54, in process_request
    path = self.get_full_path_with_slash(request)
  File "D:\baiduwangpan\python_virtualenv\python_vx\lib\site-packages\django\middleware\common.py", line 88, in get_full_path_with_slash
    raise RuntimeError(
RuntimeError: You called this URL via POST, but the URL doesn't end in a slash and you have APPEND_SLASH set. Django can't redirect to the slash URL while maintaining POST data. Change your form to point to 127.0.0.1:8000/api/addkd/ (note the trailing slash), or set APPEND_SLASH=False in your Django settings.
[2023-11-20 19:02:46,147] [basehttp.py:187] [basehttp:log_message] [ERROR]- "POST /api/addkd HTTP/1.1" 500 76449
[2023-11-20 19:03:47,631] [autoreload.py:266] [autoreload:trigger_reload] [INFO]- D:\02_Program\04_Examination\Examination\Examination\settings.py changed, reloading.
[2023-11-20 19:04:04,717] [autoreload.py:677] [autoreload:run_with_reloader] [INFO]- Watching for file changes with StatReloader
[2023-11-20 19:04:07,200] [log.py:241] [log:log_response] [ERROR]- Internal Server Error: /api/addkd
Traceback (most recent call last):
  File "D:\baiduwangpan\python_virtualenv\python_vx\lib\site-packages\django\core\handlers\exception.py", line 55, in inner
    response = get_response(request)
  File "D:\baiduwangpan\python_virtualenv\python_vx\lib\site-packages\django\utils\deprecation.py", line 135, in __call__
    response = self.process_request(request)
  File "D:\baiduwangpan\python_virtualenv\python_vx\lib\site-packages\django\middleware\common.py", line 54, in process_request
    path = self.get_full_path_with_slash(request)
  File "D:\baiduwangpan\python_virtualenv\python_vx\lib\site-packages\django\middleware\common.py", line 88, in get_full_path_with_slash
    raise RuntimeError(
RuntimeError: You called this URL via POST, but the URL doesn't end in a slash and you have APPEND_SLASH set. Django can't redirect to the slash URL while maintaining POST data. Change your form to point to 127.0.0.1:8000/api/addkd/ (note the trailing slash), or set APPEND_SLASH=False in your Django settings.
[2023-11-20 19:04:07,202] [basehttp.py:187] [basehttp:log_message] [ERROR]- "POST /api/addkd HTTP/1.1" 500 77205
[2023-11-20 19:04:14,050] [autoreload.py:266] [autoreload:trigger_reload] [INFO]- D:\02_Program\04_Examination\Examination\Examination\settings.py changed, reloading.
[2023-11-20 19:04:15,203] [autoreload.py:677] [autoreload:run_with_reloader] [INFO]- Watching for file changes with StatReloader
[2023-11-20 19:04:48,701] [basehttp.py:187] [basehttp:log_message] [INFO]- "POST /api/addkd/ HTTP/1.1" 200 62
[2023-11-20 19:05:12,334] [autoreload.py:266] [autoreload:trigger_reload] [INFO]- D:\02_Program\04_Examination\Examination\Examination\settings.py changed, reloading.
[2023-11-20 19:05:13,220] [autoreload.py:677] [autoreload:run_with_reloader] [INFO]- Watching for file changes with StatReloader
[2023-11-20 19:05:23,996] [basehttp.py:187] [basehttp:log_message] [INFO]- "POST /api/addkd/ HTTP/1.1" 200 58
[2023-11-20 19:05:34,863] [basehttp.py:187] [basehttp:log_message] [INFO]- "POST /api/addkd/ HTTP/1.1" 200 70
[2023-11-20 19:07:59,175] [autoreload.py:677] [autoreload:run_with_reloader] [INFO]- Watching for file changes with StatReloader
[2023-11-20 19:08:40,224] [autoreload.py:266] [autoreload:trigger_reload] [INFO]- D:\02_Program\04_Examination\Examination\StudentExamination\views.py changed, reloading.
[2023-11-20 19:08:41,215] [autoreload.py:677] [autoreload:run_with_reloader] [INFO]- Watching for file changes with StatReloader
[2023-11-20 19:08:59,781] [autoreload.py:266] [autoreload:trigger_reload] [INFO]- D:\02_Program\04_Examination\Examination\StudentExamination\views.py changed, reloading.
[2023-11-20 19:09:00,864] [autoreload.py:677] [autoreload:run_with_reloader] [INFO]- Watching for file changes with StatReloader
[2023-11-20 19:09:07,141] [basehttp.py:187] [basehttp:log_message] [INFO]- "POST /api/addkd/?dh=123 HTTP/1.1" 200 70
[2023-11-20 19:09:27,881] [basehttp.py:187] [basehttp:log_message] [INFO]- "POST /api/addkd/ HTTP/1.1" 200 58
[2023-11-20 19:09:38,353] [basehttp.py:187] [basehttp:log_message] [INFO]- "POST /api/addkd/ HTTP/1.1" 200 62
